[2022-09-06 20:28:26] [ERROR]: Protocol -> parse incoming packet error: return code unsuccessful: -10001 
[2022-09-06 20:28:41] [ERROR]: Protocol -> parse incoming packet error: return code unsuccessful: -10001 
[2022-09-06 20:32:26] [ERROR]: Protocol -> parse incoming packet error: return code unsuccessful: -10001 
[2022-09-06 20:32:41] [ERROR]: Protocol -> parse incoming packet error: return code unsuccessful: -10001 
[2022-09-06 20:36:27] [ERROR]: Protocol -> parse incoming packet error: return code unsuccessful: -10001 
[2022-09-06 20:36:42] [ERROR]: Protocol -> parse incoming packet error: return code unsuccessful: -10001 
[2022-09-06 20:40:27] [ERROR]: Protocol -> parse incoming packet error: return code unsuccessful: -10001 
[2022-09-06 20:40:42] [ERROR]: Protocol -> parse incoming packet error: return code unsuccessful: -10001 
[2022-09-06 20:44:27] [ERROR]: Protocol -> parse incoming packet error: return code unsuccessful: -10001 
[2022-09-06 20:44:42] [ERROR]: Protocol -> parse incoming packet error: return code unsuccessful: -10001 
[2022-09-06 20:48:27] [ERROR]: Protocol -> parse incoming packet error: return code unsuccessful: -10001 
[2022-09-06 20:48:42] [ERROR]: Protocol -> parse incoming packet error: return code unsuccessful: -10001 
[2022-09-06 20:52:27] [ERROR]: Protocol -> parse incoming packet error: return code unsuccessful: -10001 
[2022-09-06 20:52:42] [ERROR]: Protocol -> parse incoming packet error: return code unsuccessful: -10001 
[2022-09-06 20:56:27] [ERROR]: Protocol -> parse incoming packet error: return code unsuccessful: -10001 
[2022-09-06 20:56:42] [ERROR]: Protocol -> parse incoming packet error: return code unsuccessful: -10001 
[2022-09-06 21:00:27] [ERROR]: Protocol -> parse incoming packet error: return code unsuccessful: -10001 
[2022-09-06 21:00:42] [ERROR]: Protocol -> parse incoming packet error: return code unsuccessful: -10001 
[2022-09-06 21:04:28] [ERROR]: Protocol -> parse incoming packet error: return code unsuccessful: -10001 
[2022-09-06 21:04:43] [ERROR]: Protocol -> parse incoming packet error: return code unsuccessful: -10001 
[2022-09-06 21:08:28] [ERROR]: Protocol -> parse incoming packet error: return code unsuccessful: -10001 
[2022-09-06 21:08:43] [ERROR]: Protocol -> parse incoming packet error: return code unsuccessful: -10001 
[2022-09-06 21:12:28] [ERROR]: Protocol -> parse incoming packet error: return code unsuccessful: -10001 
[2022-09-06 21:12:43] [ERROR]: Protocol -> parse incoming packet error: return code unsuccessful: -10001 
[2022-09-06 21:16:28] [ERROR]: Protocol -> parse incoming packet error: return code unsuccessful: -10001 
[2022-09-06 21:16:43] [ERROR]: Protocol -> parse incoming packet error: return code unsuccessful: -10001 
[2022-09-06 21:20:28] [ERROR]: Protocol -> parse incoming packet error: return code unsuccessful: -10001 
[2022-09-06 21:20:43] [ERROR]: Protocol -> parse incoming packet error: return code unsuccessful: -10001 
[2022-09-06 21:24:28] [ERROR]: Protocol -> parse incoming packet error: return code unsuccessful: -10001 
[2022-09-06 21:24:43] [ERROR]: Protocol -> parse incoming packet error: return code unsuccessful: -10001 
[2022-09-06 21:28:28] [ERROR]: Protocol -> parse incoming packet error: return code unsuccessful: -10001 
[2022-09-06 21:28:43] [ERROR]: Protocol -> parse incoming packet error: return code unsuccessful: -10001 
[2022-09-06 21:32:28] [ERROR]: Protocol -> parse incoming packet error: return code unsuccessful: -10001 
[2022-09-06 21:32:43] [ERROR]: Protocol -> parse incoming packet error: return code unsuccessful: -10001 
[2022-09-06 21:36:29] [ERROR]: Protocol -> parse incoming packet error: return code unsuccessful: -10001 
[2022-09-06 21:36:44] [ERROR]: Protocol -> parse incoming packet error: return code unsuccessful: -10001 
[2022-09-06 21:40:29] [ERROR]: Protocol -> parse incoming packet error: return code unsuccessful: -10001 
[2022-09-06 21:40:44] [ERROR]: Protocol -> parse incoming packet error: return code unsuccessful: -10001 
[2022-09-06 21:44:29] [ERROR]: Protocol -> parse incoming packet error: return code unsuccessful: -10001 
[2022-09-06 21:44:36] [ERROR]: Protocol -> parse incoming packet error: return code unsuccessful: -10001 
[2022-09-06 21:44:41] [ERROR]: Protocol -> parse incoming packet error: return code unsuccessful: -10001 
[2022-09-06 21:44:41] [ERROR]: Protocol -> parse incoming packet error: return code unsuccessful: -10001 
[2022-09-06 21:44:42] [ERROR]: Protocol -> parse incoming packet error: return code unsuccessful: -10001 
[2022-09-06 21:44:42] [ERROR]: Protocol -> parse incoming packet error: return code unsuccessful: -10001 
[2022-09-06 21:44:43] [ERROR]: Protocol -> parse incoming packet error: return code unsuccessful: -10001 
[2022-09-06 21:44:43] [ERROR]: Protocol -> parse incoming packet error: return code unsuccessful: -10001 
[2022-09-06 21:44:44] [ERROR]: Protocol -> parse incoming packet error: return code unsuccessful: -10001 
[2022-09-06 21:44:44] [ERROR]: Protocol -> parse incoming packet error: return code unsuccessful: -10001 
[2022-09-06 21:44:45] [ERROR]: Protocol -> parse incoming packet error: return code unsuccessful: -10001 
[2022-09-06 21:44:45] [ERROR]: Protocol -> parse incoming packet error: return code unsuccessful: -10001 
[2022-09-06 21:44:46] [ERROR]: Protocol -> parse incoming packet error: return code unsuccessful: -10001 
[2022-09-06 21:44:46] [ERROR]: Protocol -> parse incoming packet error: return code unsuccessful: -10001 
[2022-09-06 21:44:47] [ERROR]: Protocol -> parse incoming packet error: return code unsuccessful: -10001 
[2022-09-06 21:44:47] [ERROR]: Protocol -> parse incoming packet error: return code unsuccessful: -10001 
[2022-09-06 21:44:48] [ERROR]: Protocol -> parse incoming packet error: return code unsuccessful: -10001 
[2022-09-06 21:44:48] [ERROR]: Protocol -> parse incoming packet error: return code unsuccessful: -10001 
[2022-09-06 21:44:49] [ERROR]: Protocol -> parse incoming packet error: return code unsuccessful: -10001 
[2022-09-06 21:44:49] [ERROR]: Protocol -> parse incoming packet error: return code unsuccessful: -10001 
[2022-09-06 21:44:50] [ERROR]: Protocol -> parse incoming packet error: return code unsuccessful: -10001 
[2022-09-06 21:44:50] [ERROR]: Protocol -> parse incoming packet error: return code unsuccessful: -10001 
[2022-09-06 21:44:51] [ERROR]: Protocol -> parse incoming packet error: return code unsuccessful: -10001 
[2022-09-06 21:44:51] [ERROR]: Protocol -> parse incoming packet error: return code unsuccessful: -10001 
[2022-09-06 21:44:52] [ERROR]: Protocol -> parse incoming packet error: return code unsuccessful: -10001 
[2022-09-06 21:44:52] [ERROR]: Protocol -> parse incoming packet error: return code unsuccessful: -10001 
[2022-09-06 21:44:53] [ERROR]: Protocol -> parse incoming packet error: return code unsuccessful: -10001 
[2022-09-06 21:44:53] [ERROR]: Protocol -> parse incoming packet error: return code unsuccessful: -10001 
[2022-09-06 21:44:54] [ERROR]: Protocol -> parse incoming packet error: return code unsuccessful: -10001 
[2022-09-06 21:44:54] [ERROR]: Protocol -> parse incoming packet error: return code unsuccessful: -10001 
[2022-09-06 21:44:55] [ERROR]: Protocol -> parse incoming packet error: return code unsuccessful: -10001 
[2022-09-06 21:44:55] [ERROR]: Protocol -> parse incoming packet error: return code unsuccessful: -10001 
[2022-09-06 21:44:56] [ERROR]: Protocol -> parse incoming packet error: return code unsuccessful: -10001 
[2022-09-06 21:44:56] [ERROR]: Protocol -> parse incoming packet error: session expired 
[2022-09-06 21:44:56] [WARNING]: Bot已离线: session expired 
[2022-09-06 21:44:56] [ERROR]: Protocol -> parse incoming packet error: return code unsuccessful: -10001 
[2022-09-06 21:44:57] [ERROR]: Protocol -> parse incoming packet error: return code unsuccessful: -10001 
[2022-09-06 21:44:57] [ERROR]: Protocol -> parse incoming packet error: return code unsuccessful: -10001 
[2022-09-06 21:44:57] [ERROR]: Protocol -> parse incoming packet error: return code unsuccessful: -10001 
[2022-09-06 21:44:58] [ERROR]: Protocol -> parse incoming packet error: return code unsuccessful: -10001 
[2022-09-06 21:44:58] [ERROR]: Protocol -> parse incoming packet error: return code unsuccessful: -10001 
[2022-09-06 21:44:59] [WARNING]: 将在 3 秒后尝试重连. 重连次数：2/0 
[2022-09-06 21:44:59] [ERROR]: Protocol -> parse incoming packet error: return code unsuccessful: -10001 
[2022-09-06 21:44:59] [ERROR]: Protocol -> parse incoming packet error: return code unsuccessful: -10001 
[2022-09-06 21:45:00] [ERROR]: Protocol -> parse incoming packet error: return code unsuccessful: -10001 
[2022-09-06 21:45:00] [ERROR]: Protocol -> parse incoming packet error: return code unsuccessful: -10001 
[2022-09-06 21:45:00] [ERROR]: Protocol -> parse incoming packet error: return code unsuccessful: -10001 
[2022-09-06 21:45:01] [ERROR]: Protocol -> parse incoming packet error: return code unsuccessful: -10001 
[2022-09-06 21:45:01] [ERROR]: Protocol -> parse incoming packet error: return code unsuccessful: -10001 
[2022-09-06 21:45:02] [WARNING]: 尝试重连... 
[2022-09-06 21:45:02] [ERROR]: Protocol -> parse incoming packet error: return code unsuccessful: -10001 
[2022-09-06 21:45:02] [ERROR]: Protocol -> parse incoming packet error: return code unsuccessful: -10001 
[2022-09-06 21:45:03] [ERROR]: Protocol -> parse incoming packet error: return code unsuccessful: -10001 
[2022-09-06 21:45:03] [ERROR]: Protocol -> parse incoming packet error: return code unsuccessful: -10001 
[2022-09-06 21:45:04] [ERROR]: Protocol -> parse incoming packet error: return code unsuccessful: -10001 
[2022-09-06 21:45:04] [ERROR]: Protocol -> parse incoming packet error: return code unsuccessful: -10001 
[2022-09-06 21:45:05] [ERROR]: Protocol -> parse incoming packet error: return code unsuccessful: -10001 
[2022-09-06 21:45:05] [ERROR]: Protocol -> parse incoming packet error: return code unsuccessful: -10001 
[2022-09-06 21:45:06] [ERROR]: Protocol -> parse incoming packet error: return code unsuccessful: -10001 
[2022-09-06 21:45:06] [ERROR]: Protocol -> parse incoming packet error: return code unsuccessful: -10001 
[2022-09-06 21:45:07] [ERROR]: Protocol -> parse incoming packet error: return code unsuccessful: -10001 
[2022-09-06 21:45:07] [ERROR]: Protocol -> parse incoming packet error: return code unsuccessful: -10001 
[2022-09-06 21:45:08] [ERROR]: Protocol -> parse incoming packet error: return code unsuccessful: -10001 
[2022-09-06 21:45:08] [ERROR]: Protocol -> parse incoming packet error: return code unsuccessful: -10001 
[2022-09-06 21:45:09] [ERROR]: Protocol -> parse incoming packet error: return code unsuccessful: -10001 
[2022-09-06 21:45:09] [ERROR]: Protocol -> parse incoming packet error: return code unsuccessful: -10001 
[2022-09-06 21:45:10] [ERROR]: Protocol -> parse incoming packet error: return code unsuccessful: -10001 
[2022-09-06 21:45:10] [ERROR]: Protocol -> parse incoming packet error: return code unsuccessful: -10001 
[2022-09-06 21:45:11] [WARNING]: 群消息发送失败: 账号可能被风控. 
[2022-09-06 21:45:11] [ERROR]: Protocol -> register client failed: Packet timed out 
[2022-09-06 21:45:11] [WARNING]: Bot已离线: register error 
[2022-09-06 21:45:11] [ERROR]: Protocol -> register client failed: Packet timed out 
[2022-09-06 21:45:12] [ERROR]: Protocol -> register client failed: Packet timed out 
[2022-09-06 21:45:12] [ERROR]: Protocol -> register client failed: Packet timed out 
[2022-09-06 21:45:13] [ERROR]: Protocol -> register client failed: Packet timed out 
[2022-09-06 21:45:13] [ERROR]: Protocol -> register client failed: Packet timed out 
[2022-09-06 21:45:14] [WARNING]: 将在 3 秒后尝试重连. 重连次数：2/0 
[2022-09-06 21:45:14] [ERROR]: Protocol -> register client failed: Packet timed out 
[2022-09-06 21:45:14] [ERROR]: Protocol -> register client failed: Packet timed out 
[2022-09-06 21:45:15] [ERROR]: Protocol -> register client failed: Packet timed out 
[2022-09-06 21:45:15] [ERROR]: Protocol -> register client failed: Packet timed out 
[2022-09-06 21:45:16] [ERROR]: Protocol -> register client failed: Packet timed out 
[2022-09-06 21:45:16] [ERROR]: Protocol -> register client failed: Packet timed out 
[2022-09-06 21:45:17] [WARNING]: 尝试重连... 
[2022-09-06 21:45:17] [ERROR]: Protocol -> register client failed: Packet timed out 
[2022-09-06 21:45:17] [ERROR]: Protocol -> register client failed: Packet timed out 
[2022-09-06 21:45:18] [ERROR]: Protocol -> register client failed: Packet timed out 
[2022-09-06 21:45:18] [ERROR]: Protocol -> register client failed: Packet timed out 
[2022-09-06 21:45:19] [ERROR]: Protocol -> register client failed: Packet timed out 
[2022-09-06 21:45:19] [ERROR]: Protocol -> register client failed: Packet timed out 
[2022-09-06 21:45:20] [ERROR]: Protocol -> register client failed: Packet timed out 
[2022-09-06 21:45:20] [ERROR]: Protocol -> register client failed: Packet timed out 
[2022-09-06 21:45:21] [ERROR]: Protocol -> register client failed: Packet timed out 
[2022-09-06 21:45:21] [ERROR]: Protocol -> register client failed: Packet timed out 
[2022-09-06 21:45:22] [ERROR]: Protocol -> register client failed: Packet timed out 
[2022-09-06 21:45:22] [ERROR]: Protocol -> register client failed: Packet timed out 
[2022-09-06 21:45:23] [ERROR]: Protocol -> register client failed: Packet timed out 
[2022-09-06 21:45:23] [ERROR]: Protocol -> register client failed: Packet timed out 
[2022-09-06 21:45:24] [ERROR]: Protocol -> register client failed: Packet timed out 
[2022-09-06 21:45:24] [ERROR]: Protocol -> register client failed: Packet timed out 
[2022-09-06 21:45:25] [ERROR]: Protocol -> register client failed: Packet timed out 
[2022-09-06 21:45:25] [ERROR]: Protocol -> register client failed: Packet timed out 
[2022-09-06 21:45:26] [ERROR]: Protocol -> register client failed: Packet timed out 
[2022-09-06 21:45:26] [ERROR]: Protocol -> register client failed: Packet timed out 
[2022-09-06 21:45:27] [ERROR]: Protocol -> register client failed: Packet timed out 
[2022-09-06 21:45:27] [ERROR]: Protocol -> register client failed: Packet timed out 
[2022-09-06 21:45:27] [ERROR]: Protocol -> register client failed: Packet timed out 
[2022-09-06 21:45:28] [ERROR]: Protocol -> register client failed: Packet timed out 
[2022-09-06 21:45:28] [ERROR]: Protocol -> register client failed: Packet timed out 
[2022-09-06 21:45:29] [ERROR]: Protocol -> register client failed: Packet timed out 
[2022-09-06 21:45:29] [ERROR]: Protocol -> register client failed: Packet timed out 
[2022-09-06 21:45:30] [ERROR]: Protocol -> register client failed: Packet timed out 
[2022-09-06 21:45:30] [ERROR]: Protocol -> register client failed: Packet timed out 
[2022-09-06 21:45:30] [ERROR]: Protocol -> register client failed: Packet timed out 
[2022-09-06 21:45:31] [ERROR]: Protocol -> register client failed: Packet timed out 
[2022-09-06 21:45:31] [ERROR]: Protocol -> register client failed: Packet timed out 
[2022-09-06 21:45:47] [WARNING]: 快速重连失败: Packet timed out 
[2022-09-06 21:45:47] [WARNING]: 快速重连失败, 尝试普通登录. 这可能是因为其他端强行T下线导致的. 
[2022-09-06 21:45:48] [WARNING]: 登录需要滑条验证码, 请使用手机QQ扫描二维码以继续登录. 
[2022-09-06 21:47:49] [FATAL]: 二维码过期 
