[2022-09-08 01:12:23] [WARNING]: 已开启Debug模式. 
[2022-09-08 01:12:23] [WARNING]: 虚拟设备信息不存在, 将自动生成随机设备. 
[2022-09-08 01:12:29] [WARNING]: 登录需要滑条验证码, 请使用手机QQ扫描二维码以继续登录. 
[2022-09-08 01:13:25] [FATAL]: 扫码被用户取消. 
[2022-09-08 01:13:31] [WARNING]: 已开启Debug模式. 
[2022-09-08 01:13:36] [WARNING]: 登录需要滑条验证码, 请使用手机QQ扫描二维码以继续登录. 
[2022-09-08 01:14:15] [FATAL]: 扫码被用户取消. 
[2022-09-08 01:14:56] [WARNING]: 已开启Debug模式. 
[2022-09-08 01:15:01] [WARNING]: 登录需要滑条验证码, 请使用手机QQ扫描二维码以继续登录. 
[2022-09-08 01:15:43] [FATAL]: 扫码被用户取消. 
[2022-09-08 01:16:07] [WARNING]: 已开启Debug模式. 
[2022-09-08 01:16:12] [WARNING]: 登录需要滑条验证码, 请使用手机QQ扫描二维码以继续登录. 
[2022-09-08 01:16:48] [FATAL]: 扫码被用户取消. 
[2022-09-08 01:39:50] [WARNING]: 已开启Debug模式. 
[2022-09-08 01:51:19] [WARNING]: 已开启Debug模式. 
[2022-09-08 01:51:25] [WARNING]: 恢复会话失败: exchange_emp failed: 15 , 尝试使用正常流程登录. 
[2022-09-08 01:51:26] [WARNING]: 登录需要滑条验证码, 请使用手机QQ扫描二维码以继续登录. 
[2022-09-08 01:53:27] [FATAL]: 二维码过期 
[2022-09-08 01:55:06] [WARNING]: 已开启Debug模式. 
[2022-09-08 01:55:12] [WARNING]: 登录需要滑条验证码, 请使用手机QQ扫描二维码以继续登录. 
[2022-09-08 02:02:30] [WARNING]: 已开启Debug模式. 
[2022-09-08 02:02:36] [WARNING]: 登录需要滑条验证码, 请使用手机QQ扫描二维码以继续登录. 
